Arguments: 
  /usr/local/bin/node /usr/share/yarn/bin/yarn.js add bcrypt

PATH: 
  /home/laureanray/.cargo/bin:/home/laureanray/.local/bin:/home/laureanray/.cargo/bin:/home/laureanray/.local/bin:/usr/local/sbin:/usr/local/bin:/usr/sbin:/usr/bin:/sbin:/bin:/usr/games:/usr/local/games:/snap/bin:/home/laureanray/.dotnet/tools:/home/laureanray/.dotnet/tools

Yarn version: 
  1.15.2

Node version: 
  10.15.3

Platform: 
  linux x64

Trace: 
  Error: EACCES: permission denied, unlink '/home/laureanray/uhub-backend/node_modules/@firebase/app/README.md'

npm manifest: 
  {
    "name": "uhub-backend",
    "version": "1.0.0",
    "description": "",
    "main": "index.js",
    "scripts": {
      "start-db": "clear && mongod --dbpath=db-data ",
      "test": "clear && export NODE_ENV=test&& mocha *.test.js components/**/*.test.js  --timeout 5000 || exit 0",
      "test-watch": "nodemon --exec npm run test",
      "development": "export NODE_ENV=dev&&node ./bin/www.js",
      "start": "cls && set NODE_ENV=dev&& node bin/www.js",
      "production": "NODE_ENV =production node ./bin/www.js"
    },
    "author": "",
    "license": "ISC",
    "dependencies": {
      "body-parser": "^1.18.3",
      "express": "^4.16.4",
      "firebase-admin": "^7.2.0",
      "mongoose": "^5.4.9"
    },
    "devDependencies": {
      "chai": "^4.2.0",
      "chai-http": "^4.0.0",
      "colors": "^1.3.3",
      "mocha": "^5.2.0",
      "nodemon": "^1.18.9"
    }
  }

yarn manifest: 
  No manifest

Lockfile: 
  No lockfile
